<?xml version="1.0" encoding="UTF-8"?>
<!-- Generated by org.testng.reporters.JUnitReportReporter -->
<testsuite hostname="suyog" failures="0" tests="2" name="testCases.TC_001_AccountRegistrationTest" time="3.319" errors="0" timestamp="2024-01-03T01:38:47 IST" skipped="0">
  <testcase classname="testCases.TC_001_AccountRegistrationTest" name="test_HomrPage" time="0.535"/>
  <testcase classname="testCases.TC_001_AccountRegistrationTest" name="test_registrationPage" time="2.784"/>
</testsuite> <!-- testCases.TC_001_AccountRegistrationTest -->
