<?xml version="1.0" encoding="UTF-8"?>
<!-- Generated by org.testng.reporters.JUnitReportReporter -->
<testsuite hostname="suyog" failures="0" tests="5" name="testCases.TC_003_LoginDp" time="33.215" errors="0" timestamp="2024-01-03T01:38:47 IST" skipped="0">
  <testcase classname="testCases.TC_003_LoginDp" name="test_loginData" time="10.509"/>
  <testcase classname="testCases.TC_003_LoginDp" name="test_loginData" time="0.774"/>
  <testcase classname="testCases.TC_003_LoginDp" name="test_loginData" time="0.913"/>
  <testcase classname="testCases.TC_003_LoginDp" name="test_loginData" time="10.558"/>
  <testcase classname="testCases.TC_003_LoginDp" name="test_loginData" time="10.461"/>
</testsuite> <!-- testCases.TC_003_LoginDp -->
