<?xml version="1.0" encoding="UTF-8"?>
<!-- Generated by org.testng.reporters.JUnitReportReporter -->
<testsuite hostname="suyog" failures="0" tests="2" name="testCases.TC_001_AccountRegistrationTest" time="2.888" errors="0" timestamp="2024-01-03T02:44:51 IST" skipped="0">
  <testcase classname="testCases.TC_001_AccountRegistrationTest" name="test_HomrPage" time="0.297"/>
  <testcase classname="testCases.TC_001_AccountRegistrationTest" name="test_registrationPage" time="2.591"/>
</testsuite> <!-- testCases.TC_001_AccountRegistrationTest -->
