<?xml version="1.0" encoding="UTF-8"?>
<!-- Generated by org.testng.reporters.JUnitReportReporter -->
<testsuite hostname="suyog" failures="0" tests="1" name="testCases.TC_002LoginAccount" time="0.654" errors="0" timestamp="2024-01-03T02:44:51 IST" skipped="0">
  <testcase classname="testCases.TC_002LoginAccount" name="TC_002_LoginAccount" time="0.654"/>
</testsuite> <!-- testCases.TC_002LoginAccount -->
