<?xml version="1.0" encoding="UTF-8"?>
<!-- Generated by org.testng.reporters.JUnitReportReporter -->
<testsuite hostname="suyog" failures="0" tests="5" name="testCases.TC_003_LoginDp" time="33.645" errors="0" timestamp="2024-01-03T02:44:51 IST" skipped="0">
  <testcase classname="testCases.TC_003_LoginDp" name="test_loginData" time="10.731"/>
  <testcase classname="testCases.TC_003_LoginDp" name="test_loginData" time="10.512"/>
  <testcase classname="testCases.TC_003_LoginDp" name="test_loginData" time="0.961"/>
  <testcase classname="testCases.TC_003_LoginDp" name="test_loginData" time="10.530"/>
  <testcase classname="testCases.TC_003_LoginDp" name="test_loginData" time="0.911"/>
</testsuite> <!-- testCases.TC_003_LoginDp -->
